Arguments: 
  C:\Program Files\nodejs\node.exe C:\Users\Radosław Podgórski\AppData\Roaming\npm\node_modules\yarn\bin\yarn.js init

PATH: 
  C:\Users\Radosław Podgórski\bin;C:\Program Files\Git\mingw64\bin;C:\Program Files\Git\usr\local\bin;C:\Program Files\Git\usr\bin;C:\Program Files\Git\usr\bin;C:\Program Files\Git\mingw64\bin;C:\Program Files\Git\usr\bin;C:\Users\Radosław Podgórski\bin;C:\ProgramData\Oracle\Java\javapath;C:\Windows\system32;C:\Windows;C:\Windows\System32\Wbem;C:\Windows\System32\WindowsPowerShell\v1.0;C:\Program Files (x86)\NVIDIA Corporation\PhysX\Common;C:\WINDOWS\system32;C:\WINDOWS;C:\WINDOWS\System32\Wbem;C:\WINDOWS\System32\WindowsPowerShell\v1.0;C:\Program Files (x86)\Java\1.8.0_151\bin;C:\Program Files\Git\cmd;C:\Program Files (x86)\Skype\Phone;C:\Program Files\nodejs;C:\Ruby25-x64\bin;C:\Ruby24-x64\bin;C:\Users\Radosław Podgórski\AppData\Local\Microsoft\WindowsApps;C:\Program Files\Sublime Text 3;C:\Users\Radosław Podgórski\AppData\Roaming\npm;C:\Program Files\Git\usr\bin\vendor_perl;C:\Program Files\Git\usr\bin\core_perl

Yarn version: 
  1.6.0

Node version: 
  9.6.1

Platform: 
  win32 x64

Trace: 
  Error: Can't answer a question unless a user TTY
      at ConsoleReporter.question (C:\Users\Radosław Podgórski\AppData\Roaming\npm\node_modules\yarn\lib\cli.js:93239:59)
      at Object.<anonymous> (C:\Users\Radosław Podgórski\AppData\Roaming\npm\node_modules\yarn\lib\cli.js:86193:38)
      at Generator.next (<anonymous>)
      at step (C:\Users\Radosław Podgórski\AppData\Roaming\npm\node_modules\yarn\lib\cli.js:98:30)
      at C:\Users\Radosław Podgórski\AppData\Roaming\npm\node_modules\yarn\lib\cli.js:109:13
      at <anonymous>

npm manifest: 
  {
    "name": "",
    "version": ""
  }

yarn manifest: 
  No manifest

Lockfile: 
  No lockfile
